[0331/194810.689:ERROR:process_info.cc(329)] VirtualQueryEx: Access is denied. (0x5)
[0331/194810.694:ERROR:process_info.cc(556)] ReadMemoryInfo failed
[0331/194810.695:ERROR:scoped_process_suspend.cc(40)] NtResumeProcess: An attempt was made to access an exiting process. (0xc000010a)
[0402/160146.482:ERROR:process_info.cc(329)] VirtualQueryEx: Access is denied. (0x5)
[0402/160146.504:ERROR:process_info.cc(556)] ReadMemoryInfo failed
[0402/160146.505:ERROR:scoped_process_suspend.cc(40)] NtResumeProcess: An attempt was made to access an exiting process. (0xc000010a)
[0402/165500.966:ERROR:process_reader_win.cc(123)] NtOpenThread: {Access Denied} A process has requested access to an object, but has not been granted those access rights. (0xc0000022)
[0402/165500.986:ERROR:process_reader_win.cc(123)] NtOpenThread: {Access Denied} A process has requested access to an object, but has not been granted those access rights. (0xc0000022)
[0402/165500.986:ERROR:exception_snapshot_win.cc(98)] thread ID 25628 not found in process
[0402/165500.986:ERROR:process_reader_win.cc(123)] NtOpenThread: {Access Denied} A process has requested access to an object, but has not been granted those access rights. (0xc0000022)
[0402/165500.986:ERROR:exception_snapshot_win.cc(98)] thread ID 12364 not found in process
[0402/165500.978:ERROR:process_reader_win.cc(123)] NtOpenThread: {Access Denied} A process has requested access to an object, but has not been granted those access rights. (0xc0000022)
[0402/165500.982:ERROR:process_reader_win.cc(123)] NtOpenThread: {Access Denied} A process has requested access to an object, but has not been granted those access rights. (0xc0000022)
[0402/165500.990:ERROR:process_reader_win.cc(123)] NtOpenThread: {Access Denied} A process has requested access to an object, but has not been granted those access rights. (0xc0000022)
[0402/165500.990:ERROR:exception_snapshot_win.cc(98)] thread ID 26240 not found in process
[0402/165500.994:ERROR:process_reader_win.cc(123)] NtOpenThread: {Access Denied} A process has requested access to an object, but has not been granted those access rights. (0xc0000022)
[0402/165500.994:ERROR:exception_snapshot_win.cc(98)] thread ID 3356 not found in process
[0402/165500.994:ERROR:process_reader_win.cc(123)] NtOpenThread: {Access Denied} A process has requested access to an object, but has not been granted those access rights. (0xc0000022)
[0402/165500.994:ERROR:process_reader_win.cc(123)] NtOpenThread: {Access Denied} A process has requested access to an object, but has not been granted those access rights. (0xc0000022)
[0402/165500.970:ERROR:process_reader_win.cc(123)] NtOpenThread: {Access Denied} A process has requested access to an object, but has not been granted those access rights. (0xc0000022)
[0402/165500.998:ERROR:exception_snapshot_win.cc(98)] thread ID 23336 not found in process
[0402/165500.998:ERROR:exception_snapshot_win.cc(98)] thread ID 2368 not found in process
[0402/165500.998:ERROR:exception_snapshot_win.cc(98)] thread ID 26252 not found in process
[0402/165501.002:ERROR:process_reader_win.cc(123)] NtOpenThread: {Access Denied} A process has requested access to an object, but has not been granted those access rights. (0xc0000022)
[0402/165501.002:ERROR:process_reader_win.cc(123)] NtOpenThread: {Access Denied} A process has requested access to an object, but has not been granted those access rights. (0xc0000022)
[0402/165501.002:ERROR:process_reader_win.cc(123)] NtOpenThread: {Access Denied} A process has requested access to an object, but has not been granted those access rights. (0xc0000022)
[0402/165501.002:ERROR:exception_snapshot_win.cc(98)] thread ID 22524 not found in process
[0402/165501.002:ERROR:exception_snapshot_win.cc(98)] thread ID 20316 not found in process
[0402/165501.002:ERROR:exception_snapshot_win.cc(98)] thread ID 18092 not found in process
[0402/165501.002:ERROR:exception_snapshot_win.cc(98)] thread ID 25732 not found in process
[0402/165500.970:ERROR:process_reader_win.cc(151)] SuspendThread: Access is denied. (0x5)
[0402/165501.002:ERROR:process_reader_win.cc(123)] NtOpenThread: {Access Denied} A process has requested access to an object, but has not been granted those access rights. (0xc0000022)
[0402/165501.002:ERROR:exception_snapshot_win.cc(98)] thread ID 21736 not found in process
[0402/165501.002:ERROR:exception_snapshot_win.cc(98)] thread ID 10756 not found in process
[0402/165501.002:ERROR:exception_snapshot_win.cc(98)] thread ID 3328 not found in process
[0402/165501.010:ERROR:process_reader_win.cc(123)] NtOpenThread: {Access Denied} A process has requested access to an object, but has not been granted those access rights. (0xc0000022)
[0402/165501.010:ERROR:process_reader_win.cc(123)] NtOpenThread: {Access Denied} A process has requested access to an object, but has not been granted those access rights. (0xc0000022)
[0402/165501.010:ERROR:exception_snapshot_win.cc(98)] thread ID 1320 not found in process
[0402/165501.010:ERROR:exception_snapshot_win.cc(98)] thread ID 20024 not found in process
[0402/165501.014:ERROR:process_reader_win.cc(123)] NtOpenThread: {Access Denied} A process has requested access to an object, but has not been granted those access rights. (0xc0000022)
[0402/165501.014:ERROR:exception_snapshot_win.cc(98)] thread ID 14472 not found in process
[0402/165501.018:ERROR:process_reader_win.cc(123)] NtOpenThread: {Access Denied} A process has requested access to an object, but has not been granted those access rights. (0xc0000022)
[0402/165501.018:ERROR:exception_snapshot_win.cc(98)] thread ID 17792 not found in process
[0402/165501.022:ERROR:process_reader_win.cc(123)] NtOpenThread: {Access Denied} A process has requested access to an object, but has not been granted those access rights. (0xc0000022)
[0402/165501.022:ERROR:exception_snapshot_win.cc(98)] thread ID 25728 not found in process
[0405/014020.292:ERROR:process_reader_win.cc(151)] SuspendThread: Access is denied. (0x5)
[0405/014020.292:ERROR:process_reader_win.cc(151)] SuspendThread: Access is denied. (0x5)
[0405/014020.339:ERROR:process_reader_win.cc(151)] SuspendThread: Access is denied. (0x5)
[0405/014020.339:ERROR:process_reader_win.cc(151)] SuspendThread: Access is denied. (0x5)
[0405/014020.339:ERROR:process_reader_win.cc(151)] SuspendThread: Access is denied. (0x5)
[0405/014020.339:ERROR:process_reader_win.cc(151)] SuspendThread: Access is denied. (0x5)
[0405/014020.339:ERROR:process_reader_win.cc(151)] SuspendThread: Access is denied. (0x5)
[0405/014020.292:ERROR:process_reader_win.cc(123)] NtOpenThread: {Access Denied} A process has requested access to an object, but has not been granted those access rights. (0xc0000022)
[0405/014020.308:ERROR:process_reader_win.cc(123)] NtOpenThread: {Access Denied} A process has requested access to an object, but has not been granted those access rights. (0xc0000022)
[0405/014020.292:ERROR:process_reader_win.cc(123)] NtOpenThread: {Access Denied} A process has requested access to an object, but has not been granted those access rights. (0xc0000022)
[0405/014020.760:ERROR:exception_snapshot_win.cc(98)] thread ID 15700 not found in process
[0405/014020.292:ERROR:process_reader_win.cc(123)] NtOpenThread: {Access Denied} A process has requested access to an object, but has not been granted those access rights. (0xc0000022)
[0405/014020.760:ERROR:exception_snapshot_win.cc(98)] thread ID 18908 not found in process
[0405/014020.339:ERROR:process_reader_win.cc(123)] NtOpenThread: {Access Denied} A process has requested access to an object, but has not been granted those access rights. (0xc0000022)
[0405/014020.760:ERROR:exception_snapshot_win.cc(98)] thread ID 7460 not found in process
[0405/014020.339:ERROR:process_reader_win.cc(123)] NtOpenThread: {Access Denied} A process has requested access to an object, but has not been granted those access rights. (0xc0000022)
[0405/014020.760:ERROR:exception_snapshot_win.cc(98)] thread ID 27304 not found in process
[0405/014020.760:ERROR:exception_snapshot_win.cc(98)] thread ID 12784 not found in process
[0405/014020.760:ERROR:exception_snapshot_win.cc(98)] thread ID 13656 not found in process
[0405/014020.776:ERROR:scoped_process_suspend.cc(40)] NtResumeProcess: An attempt was made to access an exiting process. (0xc000010a)
